{"/Users/jungmiko/Desktop/nuber/user-account-forked/src/jwt/jwt.service.ts": {"path":"/Users/jungmiko/Desktop/nuber/user-account-forked/src/jwt/jwt.service.ts","statementMap":{"0":{"start":{"line":1,"column":0},"end":{"line":1,"column":52}},"1":{"start":{"line":2,"column":0},"end":{"line":2,"column":36}},"2":{"start":{"line":4,"column":0},"end":{"line":4,"column":49}},"3":{"start":{"line":7,"column":0},"end":{"line":19,"column":null}},"4":{"start":{"line":9,"column":45},"end":{"line":9,"column":70}},"5":{"start":{"line":13,"column":4},"end":{"line":13,"column":61}},"6":{"start":{"line":17,"column":4},"end":{"line":17,"column":54}},"7":{"start":{"line":7,"column":13},"end":{"line":19,"column":null}},"8":{"start":{"line":7,"column":13},"end":{"line":7,"column":23}}},"fnMap":{"0":{"name":"(anonymous_4)","decl":{"start":{"line":8,"column":2},"end":{"line":8,"column":null}},"loc":{"start":{"line":9,"column":70},"end":{"line":10,"column":6}}},"1":{"name":"(anonymous_5)","decl":{"start":{"line":12,"column":2},"end":{"line":12,"column":6}},"loc":{"start":{"line":12,"column":21},"end":{"line":14,"column":3}}},"2":{"name":"(anonymous_6)","decl":{"start":{"line":16,"column":2},"end":{"line":16,"column":8}},"loc":{"start":{"line":16,"column":22},"end":{"line":18,"column":3}}}},"branchMap":{},"s":{"0":2,"1":2,"2":2,"3":2,"4":3,"5":1,"6":1,"7":2,"8":2},"f":{"0":3,"1":1,"2":1},"b":{}}
,"/Users/jungmiko/Desktop/nuber/user-account-forked/src/podcast/podcasts.service.ts": {"path":"/Users/jungmiko/Desktop/nuber/user-account-forked/src/podcast/podcasts.service.ts","statementMap":{"0":{"start":{"line":1,"column":0},"end":{"line":1,"column":44}},"1":{"start":{"line":12,"column":0},"end":{"line":12,"column":52}},"2":{"start":{"line":13,"column":0},"end":{"line":13,"column":52}},"3":{"start":{"line":22,"column":0},"end":{"line":22,"column":51}},"4":{"start":{"line":23,"column":0},"end":{"line":23,"column":37}},"5":{"start":{"line":26,"column":0},"end":{"line":233,"column":null}},"6":{"start":{"line":29,"column":21},"end":{"line":29,"column":40}},"7":{"start":{"line":31,"column":21},"end":{"line":31,"column":40}},"8":{"start":{"line":34,"column":19},"end":{"line":37,"column":4}},"9":{"start":{"line":40,"column":4},"end":{"line":48,"column":null}},"10":{"start":{"line":41,"column":23},"end":{"line":41,"column":58}},"11":{"start":{"line":42,"column":6},"end":{"line":45,"column":8}},"12":{"start":{"line":47,"column":6},"end":{"line":47,"column":44}},"13":{"start":{"line":55,"column":4},"end":{"line":64,"column":null}},"14":{"start":{"line":56,"column":25},"end":{"line":56,"column":75}},"15":{"start":{"line":57,"column":21},"end":{"line":57,"column":66}},"16":{"start":{"line":58,"column":6},"end":{"line":61,"column":8}},"17":{"start":{"line":63,"column":6},"end":{"line":63,"column":44}},"18":{"start":{"line":68,"column":4},"end":{"line":85,"column":null}},"19":{"start":{"line":69,"column":22},"end":{"line":71,"column":null}},"20":{"start":{"line":73,"column":6},"end":{"line":78,"column":null}},"21":{"start":{"line":74,"column":8},"end":{"line":77,"column":10}},"22":{"start":{"line":79,"column":6},"end":{"line":82,"column":8}},"23":{"start":{"line":84,"column":6},"end":{"line":84,"column":44}},"24":{"start":{"line":89,"column":4},"end":{"line":98,"column":null}},"25":{"start":{"line":90,"column":28},"end":{"line":90,"column":53}},"26":{"start":{"line":91,"column":6},"end":{"line":93,"column":null}},"27":{"start":{"line":92,"column":8},"end":{"line":92,"column":29}},"28":{"start":{"line":94,"column":6},"end":{"line":94,"column":50}},"29":{"start":{"line":95,"column":6},"end":{"line":95,"column":20}},"30":{"start":{"line":97,"column":6},"end":{"line":97,"column":44}},"31":{"start":{"line":105,"column":4},"end":{"line":124,"column":null}},"32":{"start":{"line":106,"column":37},"end":{"line":106,"column":62}},"33":{"start":{"line":107,"column":6},"end":{"line":109,"column":null}},"34":{"start":{"line":108,"column":8},"end":{"line":108,"column":29}},"35":{"start":{"line":110,"column":6},"end":{"line":117,"column":null}},"36":{"start":{"line":111,"column":8},"end":{"line":116,"column":null}},"37":{"start":{"line":112,"column":10},"end":{"line":115,"column":12}},"38":{"start":{"line":118,"column":26},"end":{"line":118,"column":64}},"39":{"start":{"line":119,"column":6},"end":{"line":119,"column":56}},"40":{"start":{"line":120,"column":6},"end":{"line":120,"column":20}},"41":{"start":{"line":123,"column":6},"end":{"line":123,"column":44}},"42":{"start":{"line":128,"column":4},"end":{"line":140,"column":null}},"43":{"start":{"line":129,"column":37},"end":{"line":129,"column":69}},"44":{"start":{"line":130,"column":6},"end":{"line":132,"column":null}},"45":{"start":{"line":131,"column":8},"end":{"line":131,"column":29}},"46":{"start":{"line":133,"column":6},"end":{"line":136,"column":8}},"47":{"start":{"line":139,"column":6},"end":{"line":139,"column":44}},"48":{"start":{"line":147,"column":4},"end":{"line":166,"column":null}},"49":{"start":{"line":148,"column":38},"end":{"line":148,"column":71}},"50":{"start":{"line":149,"column":6},"end":{"line":151,"column":null}},"51":{"start":{"line":150,"column":8},"end":{"line":150,"column":29}},"52":{"start":{"line":152,"column":22},"end":{"line":152,"column":72}},"53":{"start":{"line":152,"column":47},"end":{"line":152,"column":71}},"54":{"start":{"line":153,"column":6},"end":{"line":158,"column":null}},"55":{"start":{"line":154,"column":8},"end":{"line":157,"column":10}},"56":{"start":{"line":159,"column":6},"end":{"line":162,"column":8}},"57":{"start":{"line":164,"column":6},"end":{"line":164,"column":21}},"58":{"start":{"line":165,"column":6},"end":{"line":165,"column":44}},"59":{"start":{"line":174,"column":4},"end":{"line":189,"column":null}},"60":{"start":{"line":175,"column":37},"end":{"line":175,"column":69}},"61":{"start":{"line":176,"column":6},"end":{"line":178,"column":null}},"62":{"start":{"line":177,"column":8},"end":{"line":177,"column":29}},"63":{"start":{"line":179,"column":25},"end":{"line":179,"column":75}},"64":{"start":{"line":180,"column":6},"end":{"line":180,"column":35}},"65":{"start":{"line":181,"column":21},"end":{"line":181,"column":66}},"66":{"start":{"line":182,"column":6},"end":{"line":185,"column":8}},"67":{"start":{"line":187,"column":6},"end":{"line":187,"column":21}},"68":{"start":{"line":188,"column":6},"end":{"line":188,"column":44}},"69":{"start":{"line":196,"column":4},"end":{"line":209,"column":null}},"70":{"start":{"line":197,"column":37},"end":{"line":200,"column":8}},"71":{"start":{"line":201,"column":6},"end":{"line":203,"column":null}},"72":{"start":{"line":202,"column":8},"end":{"line":202,"column":29}},"73":{"start":{"line":204,"column":6},"end":{"line":204,"column":62}},"74":{"start":{"line":205,"column":6},"end":{"line":205,"column":26}},"75":{"start":{"line":207,"column":6},"end":{"line":207,"column":21}},"76":{"start":{"line":208,"column":6},"end":{"line":208,"column":44}},"77":{"start":{"line":214,"column":13},"end":{"line":214,"column":null}},"78":{"start":{"line":215,"column":11},"end":{"line":216,"column":23}},"79":{"start":{"line":217,"column":4},"end":{"line":231,"column":null}},"80":{"start":{"line":218,"column":37},"end":{"line":221,"column":8}},"81":{"start":{"line":222,"column":6},"end":{"line":224,"column":null}},"82":{"start":{"line":223,"column":8},"end":{"line":223,"column":29}},"83":{"start":{"line":225,"column":26},"end":{"line":225,"column":52}},"84":{"start":{"line":226,"column":6},"end":{"line":226,"column":56}},"85":{"start":{"line":227,"column":6},"end":{"line":227,"column":26}},"86":{"start":{"line":230,"column":6},"end":{"line":230,"column":44}},"87":{"start":{"line":26,"column":13},"end":{"line":233,"column":null}},"88":{"start":{"line":26,"column":13},"end":{"line":26,"column":28}}},"fnMap":{"0":{"name":"(anonymous_5)","decl":{"start":{"line":27,"column":2},"end":{"line":27,"column":null}},"loc":{"start":{"line":31,"column":59},"end":{"line":32,"column":6}}},"1":{"name":"(anonymous_6)","decl":{"start":{"line":39,"column":2},"end":{"line":39,"column":7}},"loc":{"start":{"line":39,"column":22},"end":{"line":49,"column":3}}},"2":{"name":"(anonymous_7)","decl":{"start":{"line":51,"column":2},"end":{"line":51,"column":7}},"loc":{"start":{"line":54,"column":23},"end":{"line":65,"column":3}}},"3":{"name":"(anonymous_8)","decl":{"start":{"line":67,"column":2},"end":{"line":67,"column":7}},"loc":{"start":{"line":67,"column":29},"end":{"line":86,"column":3}}},"4":{"name":"(anonymous_9)","decl":{"start":{"line":88,"column":2},"end":{"line":88,"column":7}},"loc":{"start":{"line":88,"column":32},"end":{"line":99,"column":3}}},"5":{"name":"(anonymous_10)","decl":{"start":{"line":101,"column":2},"end":{"line":101,"column":7}},"loc":{"start":{"line":104,"column":23},"end":{"line":125,"column":3}}},"6":{"name":"(anonymous_11)","decl":{"start":{"line":127,"column":2},"end":{"line":127,"column":7}},"loc":{"start":{"line":127,"column":37},"end":{"line":141,"column":3}}},"7":{"name":"(anonymous_12)","decl":{"start":{"line":143,"column":2},"end":{"line":143,"column":7}},"loc":{"start":{"line":146,"column":24},"end":{"line":167,"column":3}}},"8":{"name":"(anonymous_13)","decl":{"start":{"line":152,"column":36},"end":{"line":152,"column":43}},"loc":{"start":{"line":152,"column":47},"end":{"line":152,"column":71}}},"9":{"name":"(anonymous_14)","decl":{"start":{"line":169,"column":2},"end":{"line":169,"column":7}},"loc":{"start":{"line":173,"column":23},"end":{"line":190,"column":3}}},"10":{"name":"(anonymous_15)","decl":{"start":{"line":192,"column":2},"end":{"line":192,"column":7}},"loc":{"start":{"line":195,"column":24},"end":{"line":210,"column":3}}},"11":{"name":"(anonymous_16)","decl":{"start":{"line":212,"column":2},"end":{"line":212,"column":7}},"loc":{"start":{"line":216,"column":23},"end":{"line":232,"column":3}}}},"branchMap":{"0":{"loc":{"start":{"line":73,"column":6},"end":{"line":78,"column":null}},"type":"if","locations":[{"start":{"line":73,"column":6},"end":{"line":78,"column":null}},{"start":{"line":73,"column":6},"end":{"line":78,"column":null}}]},"1":{"loc":{"start":{"line":91,"column":6},"end":{"line":93,"column":null}},"type":"if","locations":[{"start":{"line":91,"column":6},"end":{"line":93,"column":null}},{"start":{"line":91,"column":6},"end":{"line":93,"column":null}}]},"2":{"loc":{"start":{"line":107,"column":6},"end":{"line":109,"column":null}},"type":"if","locations":[{"start":{"line":107,"column":6},"end":{"line":109,"column":null}},{"start":{"line":107,"column":6},"end":{"line":109,"column":null}}]},"3":{"loc":{"start":{"line":110,"column":6},"end":{"line":117,"column":null}},"type":"if","locations":[{"start":{"line":110,"column":6},"end":{"line":117,"column":null}},{"start":{"line":110,"column":6},"end":{"line":117,"column":null}}]},"4":{"loc":{"start":{"line":111,"column":8},"end":{"line":116,"column":null}},"type":"if","locations":[{"start":{"line":111,"column":8},"end":{"line":116,"column":null}},{"start":{"line":111,"column":8},"end":{"line":116,"column":null}}]},"5":{"loc":{"start":{"line":111,"column":12},"end":{"line":111,"column":30}},"type":"binary-expr","locations":[{"start":{"line":111,"column":12},"end":{"line":111,"column":30}},{"start":{"line":111,"column":34},"end":{"line":111,"column":52}}]},"6":{"loc":{"start":{"line":130,"column":6},"end":{"line":132,"column":null}},"type":"if","locations":[{"start":{"line":130,"column":6},"end":{"line":132,"column":null}},{"start":{"line":130,"column":6},"end":{"line":132,"column":null}}]},"7":{"loc":{"start":{"line":149,"column":6},"end":{"line":151,"column":null}},"type":"if","locations":[{"start":{"line":149,"column":6},"end":{"line":151,"column":null}},{"start":{"line":149,"column":6},"end":{"line":151,"column":null}}]},"8":{"loc":{"start":{"line":153,"column":6},"end":{"line":158,"column":null}},"type":"if","locations":[{"start":{"line":153,"column":6},"end":{"line":158,"column":null}},{"start":{"line":153,"column":6},"end":{"line":158,"column":null}}]},"9":{"loc":{"start":{"line":176,"column":6},"end":{"line":178,"column":null}},"type":"if","locations":[{"start":{"line":176,"column":6},"end":{"line":178,"column":null}},{"start":{"line":176,"column":6},"end":{"line":178,"column":null}}]},"10":{"loc":{"start":{"line":201,"column":6},"end":{"line":203,"column":null}},"type":"if","locations":[{"start":{"line":201,"column":6},"end":{"line":203,"column":null}},{"start":{"line":201,"column":6},"end":{"line":203,"column":null}}]},"11":{"loc":{"start":{"line":222,"column":6},"end":{"line":224,"column":null}},"type":"if","locations":[{"start":{"line":222,"column":6},"end":{"line":224,"column":null}},{"start":{"line":222,"column":6},"end":{"line":224,"column":null}}]}},"s":{"0":1,"1":1,"2":1,"3":1,"4":1,"5":1,"6":25,"7":25,"8":25,"9":2,"10":2,"11":1,"12":1,"13":2,"14":2,"15":2,"16":1,"17":1,"18":9,"19":9,"20":2,"21":1,"22":1,"23":7,"24":3,"25":3,"26":3,"27":1,"28":2,"29":0,"30":2,"31":1,"32":1,"33":1,"34":1,"35":0,"36":0,"37":0,"38":0,"39":0,"40":0,"41":0,"42":5,"43":5,"44":5,"45":5,"46":0,"47":0,"48":4,"49":4,"50":4,"51":4,"52":0,"53":0,"54":0,"55":0,"56":0,"57":0,"58":0,"59":1,"60":1,"61":1,"62":1,"63":0,"64":0,"65":0,"66":0,"67":0,"68":0,"69":2,"70":2,"71":2,"72":2,"73":0,"74":0,"75":0,"76":0,"77":3,"78":3,"79":3,"80":3,"81":3,"82":1,"83":2,"84":2,"85":1,"86":1,"87":1,"88":1},"f":{"0":25,"1":2,"2":2,"3":9,"4":3,"5":1,"6":5,"7":4,"8":0,"9":1,"10":2,"11":3},"b":{"0":[1,1],"1":[1,2],"2":[1,0],"3":[0,0],"4":[0,0],"5":[0,0],"6":[5,0],"7":[4,0],"8":[0,0],"9":[1,0],"10":[2,0],"11":[1,2]}}
,"/Users/jungmiko/Desktop/nuber/user-account-forked/src/users/users.service.ts": {"path":"/Users/jungmiko/Desktop/nuber/user-account-forked/src/users/users.service.ts","statementMap":{"0":{"start":{"line":1,"column":0},"end":{"line":1,"column":44}},"1":{"start":{"line":2,"column":0},"end":{"line":2,"column":46}},"2":{"start":{"line":8,"column":0},"end":{"line":8,"column":51}},"3":{"start":{"line":9,"column":0},"end":{"line":9,"column":37}},"4":{"start":{"line":10,"column":0},"end":{"line":10,"column":48}},"5":{"start":{"line":15,"column":0},"end":{"line":119,"column":null}},"6":{"start":{"line":18,"column":21},"end":{"line":18,"column":28}},"7":{"start":{"line":19,"column":21},"end":{"line":19,"column":33}},"8":{"start":{"line":27,"column":4},"end":{"line":48,"column":null}},"9":{"start":{"line":28,"column":21},"end":{"line":28,"column":56}},"10":{"start":{"line":29,"column":6},"end":{"line":31,"column":null}},"11":{"start":{"line":30,"column":8},"end":{"line":30,"column":79}},"12":{"start":{"line":32,"column":19},"end":{"line":36,"column":8}},"13":{"start":{"line":37,"column":6},"end":{"line":37,"column":34}},"14":{"start":{"line":39,"column":6},"end":{"line":42,"column":8}},"15":{"start":{"line":44,"column":6},"end":{"line":47,"column":8}},"16":{"start":{"line":51,"column":4},"end":{"line":78,"column":null}},"17":{"start":{"line":52,"column":19},"end":{"line":54,"column":null}},"18":{"start":{"line":56,"column":6},"end":{"line":58,"column":null}},"19":{"start":{"line":57,"column":8},"end":{"line":57,"column":54}},"20":{"start":{"line":59,"column":30},"end":{"line":59,"column":64}},"21":{"start":{"line":60,"column":6},"end":{"line":65,"column":null}},"22":{"start":{"line":61,"column":8},"end":{"line":64,"column":10}},"23":{"start":{"line":67,"column":20},"end":{"line":67,"column":49}},"24":{"start":{"line":69,"column":6},"end":{"line":72,"column":8}},"25":{"start":{"line":74,"column":6},"end":{"line":77,"column":8}},"26":{"start":{"line":82,"column":4},"end":{"line":93,"column":null}},"27":{"start":{"line":83,"column":19},"end":{"line":83,"column":57}},"28":{"start":{"line":84,"column":6},"end":{"line":87,"column":8}},"29":{"start":{"line":89,"column":6},"end":{"line":92,"column":8}},"30":{"start":{"line":100,"column":4},"end":{"line":117,"column":null}},"31":{"start":{"line":101,"column":19},"end":{"line":101,"column":51}},"32":{"start":{"line":102,"column":6},"end":{"line":104,"column":null}},"33":{"start":{"line":103,"column":8},"end":{"line":103,"column":27}},"34":{"start":{"line":105,"column":6},"end":{"line":107,"column":null}},"35":{"start":{"line":106,"column":8},"end":{"line":106,"column":33}},"36":{"start":{"line":108,"column":6},"end":{"line":108,"column":34}},"37":{"start":{"line":109,"column":6},"end":{"line":111,"column":8}},"38":{"start":{"line":113,"column":6},"end":{"line":116,"column":8}},"39":{"start":{"line":15,"column":13},"end":{"line":119,"column":null}},"40":{"start":{"line":15,"column":13},"end":{"line":15,"column":25}}},"fnMap":{"0":{"name":"(anonymous_4)","decl":{"start":{"line":16,"column":2},"end":{"line":16,"column":null}},"loc":{"start":{"line":19,"column":43},"end":{"line":20,"column":6}}},"1":{"name":"(anonymous_5)","decl":{"start":{"line":22,"column":2},"end":{"line":22,"column":7}},"loc":{"start":{"line":26,"column":23},"end":{"line":49,"column":3}}},"2":{"name":"(anonymous_6)","decl":{"start":{"line":50,"column":2},"end":{"line":50,"column":7}},"loc":{"start":{"line":50,"column":45},"end":{"line":79,"column":3}}},"3":{"name":"(anonymous_7)","decl":{"start":{"line":81,"column":2},"end":{"line":81,"column":7}},"loc":{"start":{"line":81,"column":27},"end":{"line":94,"column":3}}},"4":{"name":"(anonymous_8)","decl":{"start":{"line":96,"column":2},"end":{"line":96,"column":7}},"loc":{"start":{"line":98,"column":41},"end":{"line":118,"column":3}}}},"branchMap":{"0":{"loc":{"start":{"line":29,"column":6},"end":{"line":31,"column":null}},"type":"if","locations":[{"start":{"line":29,"column":6},"end":{"line":31,"column":null}},{"start":{"line":29,"column":6},"end":{"line":31,"column":null}}]},"1":{"loc":{"start":{"line":56,"column":6},"end":{"line":58,"column":null}},"type":"if","locations":[{"start":{"line":56,"column":6},"end":{"line":58,"column":null}},{"start":{"line":56,"column":6},"end":{"line":58,"column":null}}]},"2":{"loc":{"start":{"line":60,"column":6},"end":{"line":65,"column":null}},"type":"if","locations":[{"start":{"line":60,"column":6},"end":{"line":65,"column":null}},{"start":{"line":60,"column":6},"end":{"line":65,"column":null}}]},"3":{"loc":{"start":{"line":102,"column":6},"end":{"line":104,"column":null}},"type":"if","locations":[{"start":{"line":102,"column":6},"end":{"line":104,"column":null}},{"start":{"line":102,"column":6},"end":{"line":104,"column":null}}]},"4":{"loc":{"start":{"line":105,"column":6},"end":{"line":107,"column":null}},"type":"if","locations":[{"start":{"line":105,"column":6},"end":{"line":107,"column":null}},{"start":{"line":105,"column":6},"end":{"line":107,"column":null}}]}},"s":{"0":1,"1":1,"2":1,"3":1,"4":1,"5":1,"6":13,"7":13,"8":3,"9":3,"10":2,"11":1,"12":1,"13":1,"14":1,"15":1,"16":4,"17":4,"18":3,"19":1,"20":2,"21":2,"22":1,"23":1,"24":1,"25":1,"26":2,"27":2,"28":1,"29":1,"30":3,"31":3,"32":2,"33":1,"34":2,"35":1,"36":2,"37":2,"38":1,"39":1,"40":1},"f":{"0":13,"1":3,"2":4,"3":2,"4":3},"b":{"0":[1,1],"1":[1,2],"2":[1,1],"3":[1,1],"4":[1,1]}}
}
