TN:
SF:src/jwt/jwt.service.ts
FN:8,(anonymous_4)
FN:12,(anonymous_5)
FN:16,(anonymous_6)
FNF:3
FNH:3
FNDA:3,(anonymous_4)
FNDA:1,(anonymous_5)
FNDA:1,(anonymous_6)
DA:1,2
DA:2,2
DA:4,2
DA:7,2
DA:9,3
DA:13,1
DA:17,1
LF:7
LH:7
BRF:0
BRH:0
end_of_record
TN:
SF:src/podcast/podcasts.service.ts
FN:27,(anonymous_5)
FN:39,(anonymous_6)
FN:51,(anonymous_7)
FN:67,(anonymous_8)
FN:88,(anonymous_9)
FN:101,(anonymous_10)
FN:127,(anonymous_11)
FN:143,(anonymous_12)
FN:152,(anonymous_13)
FN:169,(anonymous_14)
FN:192,(anonymous_15)
FN:212,(anonymous_16)
FNF:12
FNH:11
FNDA:25,(anonymous_5)
FNDA:2,(anonymous_6)
FNDA:2,(anonymous_7)
FNDA:9,(anonymous_8)
FNDA:3,(anonymous_9)
FNDA:1,(anonymous_10)
FNDA:5,(anonymous_11)
FNDA:4,(anonymous_12)
FNDA:0,(anonymous_13)
FNDA:1,(anonymous_14)
FNDA:2,(anonymous_15)
FNDA:3,(anonymous_16)
DA:1,1
DA:12,1
DA:13,1
DA:22,1
DA:23,1
DA:26,1
DA:29,25
DA:31,25
DA:34,25
DA:40,2
DA:41,2
DA:42,1
DA:47,1
DA:55,2
DA:56,2
DA:57,2
DA:58,1
DA:63,1
DA:68,9
DA:69,9
DA:73,2
DA:74,1
DA:79,1
DA:84,7
DA:89,3
DA:90,3
DA:91,3
DA:92,1
DA:94,2
DA:95,0
DA:97,2
DA:105,1
DA:106,1
DA:107,1
DA:108,1
DA:110,0
DA:111,0
DA:112,0
DA:118,0
DA:119,0
DA:120,0
DA:123,0
DA:128,5
DA:129,5
DA:130,5
DA:131,5
DA:133,0
DA:139,0
DA:147,4
DA:148,4
DA:149,4
DA:150,4
DA:152,0
DA:153,0
DA:154,0
DA:159,0
DA:164,0
DA:165,0
DA:174,1
DA:175,1
DA:176,1
DA:177,1
DA:179,0
DA:180,0
DA:181,0
DA:182,0
DA:187,0
DA:188,0
DA:196,2
DA:197,2
DA:201,2
DA:202,2
DA:204,0
DA:205,0
DA:207,0
DA:208,0
DA:214,3
DA:215,3
DA:217,3
DA:218,3
DA:222,3
DA:223,1
DA:225,2
DA:226,2
DA:227,1
DA:230,1
LF:86
LH:60
BRDA:73,0,0,1
BRDA:73,0,1,1
BRDA:91,1,0,1
BRDA:91,1,1,2
BRDA:107,2,0,1
BRDA:107,2,1,0
BRDA:110,3,0,0
BRDA:110,3,1,0
BRDA:111,4,0,0
BRDA:111,4,1,0
BRDA:111,5,0,0
BRDA:111,5,1,0
BRDA:130,6,0,5
BRDA:130,6,1,0
BRDA:149,7,0,4
BRDA:149,7,1,0
BRDA:153,8,0,0
BRDA:153,8,1,0
BRDA:176,9,0,1
BRDA:176,9,1,0
BRDA:201,10,0,2
BRDA:201,10,1,0
BRDA:222,11,0,1
BRDA:222,11,1,2
BRF:24
BRH:11
end_of_record
TN:
SF:src/users/users.service.ts
FN:16,(anonymous_4)
FN:22,(anonymous_5)
FN:50,(anonymous_6)
FN:81,(anonymous_7)
FN:96,(anonymous_8)
FNF:5
FNH:5
FNDA:13,(anonymous_4)
FNDA:3,(anonymous_5)
FNDA:4,(anonymous_6)
FNDA:2,(anonymous_7)
FNDA:3,(anonymous_8)
DA:1,1
DA:2,1
DA:8,1
DA:9,1
DA:10,1
DA:15,1
DA:18,13
DA:19,13
DA:27,3
DA:28,3
DA:29,2
DA:30,1
DA:32,1
DA:37,1
DA:39,1
DA:44,1
DA:51,4
DA:52,4
DA:56,3
DA:57,1
DA:59,2
DA:60,2
DA:61,1
DA:67,1
DA:69,1
DA:74,1
DA:82,2
DA:83,2
DA:84,1
DA:89,1
DA:100,3
DA:101,3
DA:102,2
DA:103,1
DA:105,2
DA:106,1
DA:108,2
DA:109,2
DA:113,1
LF:39
LH:39
BRDA:29,0,0,1
BRDA:29,0,1,1
BRDA:56,1,0,1
BRDA:56,1,1,2
BRDA:60,2,0,1
BRDA:60,2,1,1
BRDA:102,3,0,1
BRDA:102,3,1,1
BRDA:105,4,0,1
BRDA:105,4,1,1
BRF:10
BRH:10
end_of_record
